
> vibe-generated-app@1.0.0 dev
> vite


  VITE v5.4.20  ready in 285 ms

  ➜  Local:   http://localhost:3000/
  ➜  Network: http://172.20.21.132:3000/
1:10:41 AM [vite] Pre-transform error: Transform failed with 1 error:
/home/workspace/src/components/Hero.jsx:81:47: ERROR: Expected ";" but found "as"
1:10:42 AM [vite] Internal server error: Transform failed with 1 error:
/home/workspace/src/components/Hero.jsx:81:47: ERROR: Expected ";" but found "as"
  Plugin: vite:esbuild
  File: /home/workspace/src/components/Hero.jsx:81:47
  
  Expected ";" but found "as"
  79 |                className="h-full w-full object-cover"
  80 |                onError={(e) => {
  81 |                  const target = e.currentTarget as HTMLImageElement;
     |                                                 ^
  82 |                  target.style.display = 'none';
  83 |                  const parent = target.parentElement;
  
      at failureErrorWithLog (/home/workspace/node_modules/esbuild/lib/main.js:1472:15)
      at /home/workspace/node_modules/esbuild/lib/main.js:755:50
      at responseCallbacks.<computed> (/home/workspace/node_modules/esbuild/lib/main.js:622:9)
      at handleIncomingPacket (/home/workspace/node_modules/esbuild/lib/main.js:677:12)
      at Socket.readFromStdout (/home/workspace/node_modules/esbuild/lib/main.js:600:7)
      at Socket.emit (node:events:508:28)
      at addChunk (node:internal/streams/readable:559:12)
      at readableAddChunkPushByteMode (node:internal/streams/readable:510:3)
      at Readable.push (node:internal/streams/readable:390:5)
      at Pipe.onStreamRead (node:internal/stream_base_commons:189:23)
1:10:42 AM [vite] ✨ new dependencies optimized: framer-motion
1:10:42 AM [vite] ✨ optimized dependencies changed. reloading
1:10:43 AM [vite] Pre-transform error: Transform failed with 1 error:
/home/workspace/src/components/Hero.jsx:81:47: ERROR: Expected ";" but found "as"
1:10:43 AM [vite] Internal server error: Transform failed with 1 error:
/home/workspace/src/components/Hero.jsx:81:47: ERROR: Expected ";" but found "as"
  Plugin: vite:esbuild
  File: /home/workspace/src/components/Hero.jsx:81:47
  
  Expected ";" but found "as"
  79 |                className="h-full w-full object-cover"
  80 |                onError={(e) => {
  81 |                  const target = e.currentTarget as HTMLImageElement;
     |                                                 ^
  82 |                  target.style.display = 'none';
  83 |                  const parent = target.parentElement;
  
      at failureErrorWithLog (/home/workspace/node_modules/esbuild/lib/main.js:1472:15)
      at /home/workspace/node_modules/esbuild/lib/main.js:755:50
      at responseCallbacks.<computed> (/home/workspace/node_modules/esbuild/lib/main.js:622:9)
      at handleIncomingPacket (/home/workspace/node_modules/esbuild/lib/main.js:677:12)
      at Socket.readFromStdout (/home/workspace/node_modules/esbuild/lib/main.js:600:7)
      at Socket.emit (node:events:508:28)
      at addChunk (node:internal/streams/readable:559:12)
      at readableAddChunkPushByteMode (node:internal/streams/readable:510:3)
      at Readable.push (node:internal/streams/readable:390:5)
      at Pipe.onStreamRead (node:internal/stream_base_commons:189:23)
1:11:07 AM [vite] Internal server error: Transform failed with 1 error:
/home/workspace/src/components/Hero.jsx:81:47: ERROR: Expected ";" but found "as"
  Plugin: vite:esbuild
  File: /home/workspace/src/components/Hero.jsx:81:47
  
  Expected ";" but found "as"
  79 |                className="h-full w-full object-cover"
  80 |                onError={(e) => {
  81 |                  const target = e.currentTarget as HTMLImageElement;
     |                                                 ^
  82 |                  target.style.display = 'none';
  83 |                  const parent = target.parentElement;
  
      at failureErrorWithLog (/home/workspace/node_modules/esbuild/lib/main.js:1472:15)
      at /home/workspace/node_modules/esbuild/lib/main.js:755:50
      at responseCallbacks.<computed> (/home/workspace/node_modules/esbuild/lib/main.js:622:9)
      at handleIncomingPacket (/home/workspace/node_modules/esbuild/lib/main.js:677:12)
      at Socket.readFromStdout (/home/workspace/node_modules/esbuild/lib/main.js:600:7)
      at Socket.emit (node:events:508:28)
      at addChunk (node:internal/streams/readable:559:12)
      at readableAddChunkPushByteMode (node:internal/streams/readable:510:3)
      at Readable.push (node:internal/streams/readable:390:5)
      at Pipe.onStreamRead (node:internal/stream_base_commons:189:23)
